
Showing logs for build [32mcb-kubecd-environment-pr-166-21-6wptq-1[0m stage [32mfrom-build-pack[0m and container [32mstep-credential-initializer-zpnb2[0m
{"level":"warn","ts":1582701920.9066672,"logger":"fallback-logger","caller":"logging/config.go:69","msg":"Fetch GitHub commit ID from kodata failed: \"ref: refs/heads/0.8.0-**-support-backwards-incompats\" is not a valid GitHub commit ID"}
{"level":"info","ts":1582701920.9076316,"logger":"fallback-logger","caller":"creds-init/main.go:40","msg":"Credentials initialized."}

Showing logs for build [32mcb-kubecd-environment-pr-166-21-6wptq-1[0m stage [32mfrom-build-pack[0m and container [32mstep-working-dir-initializer-cnz7b[0m
{"level":"warn","ts":1582701921.924564,"logger":"fallback-logger","caller":"logging/config.go:69","msg":"Fetch GitHub commit ID from kodata failed: open /var/run/ko/HEAD: no such file or directory"}
{"level":"info","ts":1582701921.9282465,"logger":"fallback-logger","caller":"bash/main.go:64","msg":"Successfully executed command \"sh -c mkdir -p /workspace/source\"; output "}

Showing logs for build [32mcb-kubecd-environment-pr-166-21-6wptq-1[0m stage [32mfrom-build-pack[0m and container [32mstep-place-tools[0m

Showing logs for build [32mcb-kubecd-environment-pr-166-21-6wptq-1[0m stage [32mfrom-build-pack[0m and container [32mstep-git-source-cb-kubecd-environment-pr-166-21-6wptq-grp9t[0m
{"level":"warn","ts":1582701926.0834394,"logger":"fallback-logger","caller":"logging/config.go:69","msg":"Fetch GitHub commit ID from kodata failed: \"ref: refs/heads/0.8.0-**-support-backwards-incompats\" is not a valid GitHub commit ID"}
{"level":"info","ts":1582701927.14791,"logger":"fallback-logger","caller":"git/git.go:103","msg":"Successfully cloned https://github.com/cb-kubecd/environment-pr-166-21-boot-gke-staging.git @ master in path /workspace/source"}

Showing logs for build [32mcb-kubecd-environment-pr-166-21-6wptq-1[0m stage [32mfrom-build-pack[0m and container [32mstep-git-merge[0m
Using SHAs from PULL_REFS=master:db09d4ef2121664a1680af99de6b86235840c267,5:9fcb3cea8101baa6d23f32ea5fe7db85ef90c83b
DEBUG: LC_ALL=C JX_LOG_LEVEL=error git fetch origin --unshallow 9fcb3cea8101baa6d23f32ea5fe7db85ef90c83b: db09d4ef2121664a1680af99de6b86235840c267:
DEBUG: ran git fetch --unshallow origin 9fcb3cea8101baa6d23f32ea5fe7db85ef90c83b: db09d4ef2121664a1680af99de6b86235840c267: in 
DEBUG: LC_ALL=C JX_LOG_LEVEL=error git branch
DEBUG: LC_ALL=C JX_LOG_LEVEL=error git checkout master
DEBUG: ran git checkout master in 
DEBUG: LC_ALL=C JX_LOG_LEVEL=error git reset --hard db09d4ef2121664a1680af99de6b86235840c267
DEBUG: ran git reset --hard db09d4ef2121664a1680af99de6b86235840c267 in 
DEBUG: LC_ALL=C JX_LOG_LEVEL=error git clean -fd .
DEBUG: ran clean --force -d . in 
DEBUG: LC_ALL=C JX_LOG_LEVEL=error git merge 9fcb3cea8101baa6d23f32ea5fe7db85ef90c83b
DEBUG: ran git merge 9fcb3cea8101baa6d23f32ea5fe7db85ef90c83b in 
DEBUG: LC_ALL=C JX_LOG_LEVEL=error git log --format=%H%x1f%an%x1f%ae%x1f%cn%x1f%ce%x1f%s%n%b%x1e db09d4ef2121664a1680af99de6b86235840c267..HEAD
Merged SHA 9fcb3cea8101baa6d23f32ea5fe7db85ef90c83b with commit message 'chore: Promote bdd-nh-import-1582701568 to version 0.0.1' into base branch master

Showing logs for build [32mcb-kubecd-environment-pr-166-21-6wptq-1[0m stage [32mfrom-build-pack[0m and container [32mstep-build-helm-build[0m
WARNING: No $CHART_REPOSITORY defined so using the default value of: http://jenkins-x-chartmuseum:8080
Adding missing Helm repo: storage.googleapis.com https://storage.googleapis.com/chartmuseum.jenkins-x.io
WARNING: No secrets found on "helm/repos" due: reading the secret "helm/repos" from vault: no secret "helm/repos" not found in vault
Read credentials for https://storage.googleapis.com/chartmuseum.jenkins-x.io from vault helm/repos
Successfully added Helm repository storage.googleapis.com.
Adding missing Helm repo: jenkins-x-chartmuseum http://jenkins-x-chartmuseum:8080
WARNING: No secrets found on "helm/repos" due: reading the secret "helm/repos" from vault: no secret "helm/repos" not found in vault
Read credentials for http://jenkins-x-chartmuseum:8080 from vault helm/repos
Successfully added Helm repository jenkins-x-chartmuseum.
WARNING: No $CHART_REPOSITORY defined so using the default value of: http://jenkins-x-chartmuseum:8080
Adding missing Helm repo: chartmuseum.jenkins-x.io http://chartmuseum.jenkins-x.io
WARNING: No secrets found on "helm/repos" due: reading the secret "helm/repos" from vault: no secret "helm/repos" not found in vault
Read credentials for http://chartmuseum.jenkins-x.io from vault helm/repos
Successfully added Helm repository chartmuseum.jenkins-x.io.
