
Showing logs for build [32mcb-kubecd-environment-pr-166-21-nmt46-1[0m stage [32mfrom-build-pack[0m and container [32mstep-credential-initializer-g727b[0m
{"level":"warn","ts":1582698606.435388,"logger":"fallback-logger","caller":"logging/config.go:69","msg":"Fetch GitHub commit ID from kodata failed: \"ref: refs/heads/0.8.0-**-support-backwards-incompats\" is not a valid GitHub commit ID"}
{"level":"info","ts":1582698606.436209,"logger":"fallback-logger","caller":"creds-init/main.go:40","msg":"Credentials initialized."}

Showing logs for build [32mcb-kubecd-environment-pr-166-21-nmt46-1[0m stage [32mfrom-build-pack[0m and container [32mstep-working-dir-initializer-k8nnl[0m
{"level":"warn","ts":1582698607.4401875,"logger":"fallback-logger","caller":"logging/config.go:69","msg":"Fetch GitHub commit ID from kodata failed: open /var/run/ko/HEAD: no such file or directory"}
{"level":"info","ts":1582698607.4418485,"logger":"fallback-logger","caller":"bash/main.go:64","msg":"Successfully executed command \"sh -c mkdir -p /workspace/source\"; output "}

Showing logs for build [32mcb-kubecd-environment-pr-166-21-nmt46-1[0m stage [32mfrom-build-pack[0m and container [32mstep-place-tools[0m

Showing logs for build [32mcb-kubecd-environment-pr-166-21-nmt46-1[0m stage [32mfrom-build-pack[0m and container [32mstep-git-source-cb-kubecd-environment-pr-166-21-nmt46-7sdmc[0m
{"level":"warn","ts":1582698612.1463113,"logger":"fallback-logger","caller":"logging/config.go:69","msg":"Fetch GitHub commit ID from kodata failed: \"ref: refs/heads/0.8.0-**-support-backwards-incompats\" is not a valid GitHub commit ID"}
{"level":"info","ts":1582698613.6082675,"logger":"fallback-logger","caller":"git/git.go:103","msg":"Successfully cloned https://github.com/cb-kubecd/environment-pr-166-21-boot-gke-staging.git @ master in path /workspace/source"}

Showing logs for build [32mcb-kubecd-environment-pr-166-21-nmt46-1[0m stage [32mfrom-build-pack[0m and container [32mstep-git-merge[0m
Using SHAs from PULL_REFS=master:e0d3677053c4acce05462f4deb81ec7f401c8d0c,1:4b40384d1dc19ad237e8d9f3518fccb90fd9fca6
DEBUG: LC_ALL=C JX_LOG_LEVEL=error git fetch origin --unshallow 4b40384d1dc19ad237e8d9f3518fccb90fd9fca6: e0d3677053c4acce05462f4deb81ec7f401c8d0c:
DEBUG: ran git fetch --unshallow origin 4b40384d1dc19ad237e8d9f3518fccb90fd9fca6: e0d3677053c4acce05462f4deb81ec7f401c8d0c: in 
DEBUG: LC_ALL=C JX_LOG_LEVEL=error git branch
DEBUG: LC_ALL=C JX_LOG_LEVEL=error git checkout master
DEBUG: ran git checkout master in 
DEBUG: LC_ALL=C JX_LOG_LEVEL=error git reset --hard e0d3677053c4acce05462f4deb81ec7f401c8d0c
DEBUG: ran git reset --hard e0d3677053c4acce05462f4deb81ec7f401c8d0c in 
DEBUG: LC_ALL=C JX_LOG_LEVEL=error git clean -fd .
DEBUG: ran clean --force -d . in 
DEBUG: LC_ALL=C JX_LOG_LEVEL=error git merge 4b40384d1dc19ad237e8d9f3518fccb90fd9fca6
DEBUG: ran git merge 4b40384d1dc19ad237e8d9f3518fccb90fd9fca6 in 
DEBUG: LC_ALL=C JX_LOG_LEVEL=error git log --format=%H%x1f%an%x1f%ae%x1f%cn%x1f%ce%x1f%s%n%b%x1e e0d3677053c4acce05462f4deb81ec7f401c8d0c..HEAD
Merged SHA 4b40384d1dc19ad237e8d9f3518fccb90fd9fca6 with commit message 'chore: Promote bdd-spring-1582698298 to version 0.0.1' into base branch master

Showing logs for build [32mcb-kubecd-environment-pr-166-21-nmt46-1[0m stage [32mfrom-build-pack[0m and container [32mstep-build-helm-build[0m
WARNING: No $CHART_REPOSITORY defined so using the default value of: http://jenkins-x-chartmuseum:8080
Adding missing Helm repo: storage.googleapis.com https://storage.googleapis.com/chartmuseum.jenkins-x.io
WARNING: No secrets found on "helm/repos" due: reading the secret "helm/repos" from vault: no secret "helm/repos" not found in vault
Read credentials for https://storage.googleapis.com/chartmuseum.jenkins-x.io from vault helm/repos
Successfully added Helm repository storage.googleapis.com.
Adding missing Helm repo: jenkins-x-chartmuseum http://jenkins-x-chartmuseum:8080
WARNING: No secrets found on "helm/repos" due: reading the secret "helm/repos" from vault: no secret "helm/repos" not found in vault
Read credentials for http://jenkins-x-chartmuseum:8080 from vault helm/repos
Successfully added Helm repository jenkins-x-chartmuseum.
WARNING: No $CHART_REPOSITORY defined so using the default value of: http://jenkins-x-chartmuseum:8080
Adding missing Helm repo: chartmuseum.jenkins-x.io http://chartmuseum.jenkins-x.io
WARNING: No secrets found on "helm/repos" due: reading the secret "helm/repos" from vault: no secret "helm/repos" not found in vault
Read credentials for http://chartmuseum.jenkins-x.io from vault helm/repos
Successfully added Helm repository chartmuseum.jenkins-x.io.
