
Showing logs for build [32mcb-kubecd-environment-pr-166-21-qm2lq-1[0m stage [32mfrom-build-pack[0m and container [32mstep-credential-initializer-c97xw[0m
{"level":"warn","ts":1582700544.0397518,"logger":"fallback-logger","caller":"logging/config.go:69","msg":"Fetch GitHub commit ID from kodata failed: \"ref: refs/heads/0.8.0-**-support-backwards-incompats\" is not a valid GitHub commit ID"}
{"level":"info","ts":1582700544.0408297,"logger":"fallback-logger","caller":"creds-init/main.go:40","msg":"Credentials initialized."}

Showing logs for build [32mcb-kubecd-environment-pr-166-21-qm2lq-1[0m stage [32mfrom-build-pack[0m and container [32mstep-working-dir-initializer-vtz6l[0m
{"level":"warn","ts":1582700544.985372,"logger":"fallback-logger","caller":"logging/config.go:69","msg":"Fetch GitHub commit ID from kodata failed: open /var/run/ko/HEAD: no such file or directory"}
{"level":"info","ts":1582700544.9878454,"logger":"fallback-logger","caller":"bash/main.go:64","msg":"Successfully executed command \"sh -c mkdir -p /workspace/source\"; output "}

Showing logs for build [32mcb-kubecd-environment-pr-166-21-qm2lq-1[0m stage [32mfrom-build-pack[0m and container [32mstep-place-tools[0m

Showing logs for build [32mcb-kubecd-environment-pr-166-21-qm2lq-1[0m stage [32mfrom-build-pack[0m and container [32mstep-git-source-cb-kubecd-environment-pr-166-21-qm2lq-w678b[0m
{"level":"warn","ts":1582700551.183906,"logger":"fallback-logger","caller":"logging/config.go:69","msg":"Fetch GitHub commit ID from kodata failed: \"ref: refs/heads/0.8.0-**-support-backwards-incompats\" is not a valid GitHub commit ID"}
{"level":"info","ts":1582700552.2897224,"logger":"fallback-logger","caller":"git/git.go:103","msg":"Successfully cloned https://github.com/cb-kubecd/environment-pr-166-21-boot-gke-staging.git @ master in path /workspace/source"}

Showing logs for build [32mcb-kubecd-environment-pr-166-21-qm2lq-1[0m stage [32mfrom-build-pack[0m and container [32mstep-git-merge[0m
Using SHAs from PULL_REFS=master:2902943ad4e35a7045609ea04477d8a844763c76,3:e853e6b4473c5ba11b0d29aca37f559e94527dbb
DEBUG: LC_ALL=C JX_LOG_LEVEL=error git fetch origin --unshallow e853e6b4473c5ba11b0d29aca37f559e94527dbb: 2902943ad4e35a7045609ea04477d8a844763c76:
DEBUG: ran git fetch --unshallow origin e853e6b4473c5ba11b0d29aca37f559e94527dbb: 2902943ad4e35a7045609ea04477d8a844763c76: in 
DEBUG: LC_ALL=C JX_LOG_LEVEL=error git branch
DEBUG: LC_ALL=C JX_LOG_LEVEL=error git checkout master
DEBUG: ran git checkout master in 
DEBUG: LC_ALL=C JX_LOG_LEVEL=error git reset --hard 2902943ad4e35a7045609ea04477d8a844763c76
DEBUG: ran git reset --hard 2902943ad4e35a7045609ea04477d8a844763c76 in 
DEBUG: LC_ALL=C JX_LOG_LEVEL=error git clean -fd .
DEBUG: ran clean --force -d . in 
DEBUG: LC_ALL=C JX_LOG_LEVEL=error git merge e853e6b4473c5ba11b0d29aca37f559e94527dbb
DEBUG: ran git merge e853e6b4473c5ba11b0d29aca37f559e94527dbb in 
DEBUG: LC_ALL=C JX_LOG_LEVEL=error git log --format=%H%x1f%an%x1f%ae%x1f%cn%x1f%ce%x1f%s%n%b%x1e 2902943ad4e35a7045609ea04477d8a844763c76..HEAD
Merged SHA e853e6b4473c5ba11b0d29aca37f559e94527dbb with commit message 'chore: Promote bdd-gh-1582699371 to version 0.0.1' into base branch master

Showing logs for build [32mcb-kubecd-environment-pr-166-21-qm2lq-1[0m stage [32mfrom-build-pack[0m and container [32mstep-build-helm-build[0m
WARNING: No $CHART_REPOSITORY defined so using the default value of: http://jenkins-x-chartmuseum:8080
Adding missing Helm repo: storage.googleapis.com https://storage.googleapis.com/chartmuseum.jenkins-x.io
WARNING: No secrets found on "helm/repos" due: reading the secret "helm/repos" from vault: no secret "helm/repos" not found in vault
Read credentials for https://storage.googleapis.com/chartmuseum.jenkins-x.io from vault helm/repos
Successfully added Helm repository storage.googleapis.com.
Adding missing Helm repo: jenkins-x-chartmuseum http://jenkins-x-chartmuseum:8080
WARNING: No secrets found on "helm/repos" due: reading the secret "helm/repos" from vault: no secret "helm/repos" not found in vault
Read credentials for http://jenkins-x-chartmuseum:8080 from vault helm/repos
Successfully added Helm repository jenkins-x-chartmuseum.
WARNING: No $CHART_REPOSITORY defined so using the default value of: http://jenkins-x-chartmuseum:8080
Adding missing Helm repo: chartmuseum.jenkins-x.io http://chartmuseum.jenkins-x.io
WARNING: No secrets found on "helm/repos" due: reading the secret "helm/repos" from vault: no secret "helm/repos" not found in vault
Read credentials for http://chartmuseum.jenkins-x.io from vault helm/repos
Successfully added Helm repository chartmuseum.jenkins-x.io.
